<?xml version="1.0" encoding="UTF-8"?>
<!-- Generated by org.testng.reporters.JUnitReportReporter -->
<testsuite hostname="LAPTOP-6A97OBMG" failures="0" tests="1" name="com.Testcases.LoginPageTestcase" time="4.202" errors="0" timestamp="2021-09-30T13:02:08 IST" skipped="0">
  <testcase classname="com.Testcases.LoginPageTestcase" name="login" time="4.202"/>
  <system-out/>
</testsuite> <!-- com.Testcases.LoginPageTestcase -->
